Using pre-set license
Built from '2020.2/staging' branch; Version is '2020.2.7f1 (c53830e277f1) revision 12924976'; Using compiler version '192528614'; Build Type 'Release'
OS: 'Windows 10 Home; OS build 22000.1455; Version 2009; 64bit' Language: 'ja' Physical Memory: 16239 MB
BatchMode: 1, IsHumanControllingUs: 0, StartBugReporterOnCrash: 0, Is64bit: 1, IsPro: 0

 COMMAND LINE ARGUMENTS:
C:\Program Files\Unity\Hub\Editor\2020.2.7f1\Editor\Unity.exe
-adb2
-batchMode
-noUpm
-name
AssetImportWorker0
-projectPath
C:/Users/wcrea/デスクトップ/オブジェクト指向プロダクト実装課題
-logFile
Logs/AssetImportWorker0.log
-srvPort
58447
Successfully changed project path to: C:/Users/wcrea/デスクトップ/オブジェクト指向プロダクト実装課題
C:/Users/wcrea/デスクトップ/オブジェクト指向プロダクト実装課題
Using Asset Import Pipeline V2.
Refreshing native plugins compatible for Editor in 14.36 ms, found 0 plugins.
Preloading 0 native plugins for Editor in 0.00 ms.
Initialize engine version: 2020.2.7f1 (c53830e277f1)
[Subsystems] Discovering subsystems at path C:/Program Files/Unity/Hub/Editor/2020.2.7f1/Editor/Data/Resources/UnitySubsystems
[Subsystems] Discovering subsystems at path C:/Users/wcrea/デスクトップ/オブジェクト指向プロダクト実装課題/Assets
GfxDevice: creating device client; threaded=0
Direct3D:
    Version:  Direct3D 11.0 [level 11.1]
    Renderer: NVIDIA GeForce RTX 3060 (ID=0x2504)
    Vendor:   
    VRAM:     12143 MB
    Driver:   30.0.14.7212
Initialize mono
Mono path[0] = 'C:/Program Files/Unity/Hub/Editor/2020.2.7f1/Editor/Data/Managed'
Mono path[1] = 'C:/Program Files/Unity/Hub/Editor/2020.2.7f1/Editor/Data/MonoBleedingEdge/lib/mono/unityjit'
Mono config path = 'C:/Program Files/Unity/Hub/Editor/2020.2.7f1/Editor/Data/MonoBleedingEdge/etc'
Using monoOptions --debugger-agent=transport=dt_socket,embedding=1,server=y,suspend=n,address=127.0.0.1:56460
Begin MonoManager ReloadAssembly
Registering precompiled unity dll's ...
Register platform support module: C:/Program Files/Unity/Hub/Editor/2020.2.7f1/Editor/Data/PlaybackEngines/WebGLSupport/UnityEditor.WebGL.Extensions.dll
Register platform support module: C:/Program Files/Unity/Hub/Editor/2020.2.7f1/Editor/Data/PlaybackEngines/WindowsStandaloneSupport/UnityEditor.WindowsStandalone.Extensions.dll
Registered in 0.001478 seconds.
Native extension for WindowsStandalone target not found
Native extension for WebGL target not found
Refreshing native plugins compatible for Editor in 14.43 ms, found 0 plugins.
Preloading 0 native plugins for Editor in 0.00 ms.
Invoked RoslynAnalysisRunner static constructor.
RoslynAnalysisRunner will not be running.
RoslynAnalysisRunner has terminated.
Mono: successfully reloaded assembly
- Completed reload, in  0.838 seconds
Platform modules already initialized, skipping
Registering precompiled user dll's ...
Registered in 0.000616 seconds.
Begin MonoManager ReloadAssembly
Native extension for WindowsStandalone target not found
Native extension for WebGL target not found
Refreshing native plugins compatible for Editor in 0.28 ms, found 0 plugins.
Preloading 0 native plugins for Editor in 0.00 ms.
Invoked RoslynAnalysisRunner static constructor.
RoslynAnalysisRunner will not be running.
RoslynAnalysisRunner has terminated.
Mono: successfully reloaded assembly
- Completed reload, in  0.577 seconds
Platform modules already initialized, skipping
========================================================================
Worker process is ready to serve import requests
Launched and connected shader compiler UnityShaderCompiler.exe after 0.03 seconds
Refreshing native plugins compatible for Editor in 0.14 ms, found 0 plugins.
Preloading 0 native plugins for Editor in 0.00 ms.
Unloading 1118 Unused Serialized files (Serialized files now loaded: 0)
System memory in use before: 57.4 MB.
System memory in use after: 57.4 MB.

Unloading 10 unused Assets to reduce memory usage. Loaded Objects now: 1560.
Total: 1.709300 ms (FindLiveObjects: 0.167900 ms CreateObjectMapping: 0.022200 ms MarkObjects: 1.456000 ms  DeleteObjects: 0.062600 ms)

========================================================================
Received Import Request.
  path: Assets/Scenes/Main.unity
  artifactKey: Guid(553b74389f854d346afe5a0b001affb8) Importer(815301076,1909f56bfc062723c751e8b465ee728b)
Start importing Assets/Scenes/Main.unity using Guid(553b74389f854d346afe5a0b001affb8) Importer(815301076,1909f56bfc062723c751e8b465ee728b)  -> (artifact id: 'e3f97573b6844304f37972534d6669d6') in 0.019198 seconds
  Import took 0.021798 seconds .

========================================================================
Received Import Request.
  Time since last request: 25.160953 seconds.
  path: Assets/Scripts/Base/Friendly.cs
  artifactKey: Guid(98b2db7afc7a94a82bb8ba91b8e3d8d1) Importer(815301076,1909f56bfc062723c751e8b465ee728b)
Start importing Assets/Scripts/Base/Friendly.cs using Guid(98b2db7afc7a94a82bb8ba91b8e3d8d1) Importer(815301076,1909f56bfc062723c751e8b465ee728b)  -> (artifact id: 'f715f6d47d65bc23b861ffa127ebe37e') in 0.016279 seconds
  Import took 0.017527 seconds .

========================================================================
Received Import Request.
  Time since last request: 1292.258853 seconds.
  path: Assets/Scripts/Base/Friendly.cs
  artifactKey: Guid(98b2db7afc7a94a82bb8ba91b8e3d8d1) Importer(815301076,1909f56bfc062723c751e8b465ee728b)
Start importing Assets/Scripts/Base/Friendly.cs using Guid(98b2db7afc7a94a82bb8ba91b8e3d8d1) Importer(815301076,1909f56bfc062723c751e8b465ee728b)  -> (artifact id: '82363d08a236ec7de565f18e0f653a0c') in 0.002053 seconds
  Import took 0.004455 seconds .

========================================================================
Received Import Request.
  Time since last request: 25.344852 seconds.
  path: Assets/Scripts/Base/Friendly.cs
  artifactKey: Guid(98b2db7afc7a94a82bb8ba91b8e3d8d1) Importer(815301076,1909f56bfc062723c751e8b465ee728b)
Start importing Assets/Scripts/Base/Friendly.cs using Guid(98b2db7afc7a94a82bb8ba91b8e3d8d1) Importer(815301076,1909f56bfc062723c751e8b465ee728b)  -> (artifact id: '94f4b77279a55b905317b4f228f57b13') in 0.002522 seconds
  Import took 0.004814 seconds .

========================================================================
Received Prepare
Registering precompiled user dll's ...
Registered in 0.000455 seconds.
Begin MonoManager ReloadAssembly
Native extension for WindowsStandalone target not found
Native extension for WebGL target not found
Refreshing native plugins compatible for Editor in 0.14 ms, found 0 plugins.
Preloading 0 native plugins for Editor in 0.00 ms.
Invoked RoslynAnalysisRunner static constructor.
RoslynAnalysisRunner will not be running.
RoslynAnalysisRunner has terminated.
Mono: successfully reloaded assembly
- Completed reload, in  0.555 seconds
Platform modules already initialized, skipping
Refreshing native plugins compatible for Editor in 0.21 ms, found 0 plugins.
Preloading 0 native plugins for Editor in 0.00 ms.
Unloading 1113 Unused Serialized files (Serialized files now loaded: 0)
System memory in use before: 57.4 MB.
System memory in use after: 57.4 MB.

Unloading 5 unused Assets to reduce memory usage. Loaded Objects now: 1563.
Total: 2.049600 ms (FindLiveObjects: 0.299600 ms CreateObjectMapping: 0.121500 ms MarkObjects: 1.584500 ms  DeleteObjects: 0.042300 ms)

========================================================================
Received Import Request.
  Time since last request: 400.284529 seconds.
  path: Assets/Scripts/Player.cs
  artifactKey: Guid(0542ace064f644a64823d894f41f2602) Importer(815301076,1909f56bfc062723c751e8b465ee728b)
Start importing Assets/Scripts/Player.cs using Guid(0542ace064f644a64823d894f41f2602) Importer(815301076,1909f56bfc062723c751e8b465ee728b)  -> (artifact id: '51fc0d1c383dc9cf058e6d744b2add41') in 0.003786 seconds
  Import took 0.016857 seconds .

========================================================================
Received Prepare
Registering precompiled user dll's ...
Registered in 0.000573 seconds.
Begin MonoManager ReloadAssembly
Native extension for WindowsStandalone target not found
Native extension for WebGL target not found
Refreshing native plugins compatible for Editor in 0.13 ms, found 0 plugins.
Preloading 0 native plugins for Editor in 0.00 ms.
Invoked RoslynAnalysisRunner static constructor.
RoslynAnalysisRunner will not be running.
RoslynAnalysisRunner has terminated.
Mono: successfully reloaded assembly
- Completed reload, in  0.502 seconds
Platform modules already initialized, skipping
Refreshing native plugins compatible for Editor in 0.13 ms, found 0 plugins.
Preloading 0 native plugins for Editor in 0.00 ms.
Unloading 1113 Unused Serialized files (Serialized files now loaded: 0)
System memory in use before: 57.4 MB.
System memory in use after: 57.5 MB.

Unloading 5 unused Assets to reduce memory usage. Loaded Objects now: 1566.
Total: 1.729400 ms (FindLiveObjects: 0.336400 ms CreateObjectMapping: 0.108900 ms MarkObjects: 1.239300 ms  DeleteObjects: 0.043100 ms)

========================================================================
Received Import Request.
  Time since last request: 12.538754 seconds.
  path: Assets/Scripts/GameManager.cs
  artifactKey: Guid(190871cf5a42141ea85ff038faa030ef) Importer(815301076,1909f56bfc062723c751e8b465ee728b)
Start importing Assets/Scripts/GameManager.cs using Guid(190871cf5a42141ea85ff038faa030ef) Importer(815301076,1909f56bfc062723c751e8b465ee728b)  -> (artifact id: '2d42170b8b47585f4b740b63a1980f5f') in 0.003792 seconds
  Import took 0.005302 seconds .

========================================================================
Received Import Request.
  Time since last request: 0.017517 seconds.
  path: Assets/Scripts/GameManager.cs
  artifactKey: Guid(190871cf5a42141ea85ff038faa030ef) Importer(815301076,1909f56bfc062723c751e8b465ee728b)
Start importing Assets/Scripts/GameManager.cs using Guid(190871cf5a42141ea85ff038faa030ef) Importer(815301076,1909f56bfc062723c751e8b465ee728b)  -> (artifact id: '2d42170b8b47585f4b740b63a1980f5f') in 0.002350 seconds
  Import took 0.003948 seconds .

========================================================================
Received Import Request.
  Time since last request: 2.827813 seconds.
  path: Assets/Scripts/EnemyBoss.cs
  artifactKey: Guid(e7b956b2cdf4c4648a11bf37cbfb1337) Importer(815301076,1909f56bfc062723c751e8b465ee728b)
Start importing Assets/Scripts/EnemyBoss.cs using Guid(e7b956b2cdf4c4648a11bf37cbfb1337) Importer(815301076,1909f56bfc062723c751e8b465ee728b)  -> (artifact id: '9c1c0aea16a221f49ebd7fb55f3046f2') in 0.001887 seconds
  Import took 0.003697 seconds .

========================================================================
Received Import Request.
  Time since last request: 0.000782 seconds.
  path: Assets/Scripts/EnemyBoss.cs
  artifactKey: Guid(e7b956b2cdf4c4648a11bf37cbfb1337) Importer(815301076,1909f56bfc062723c751e8b465ee728b)
Start importing Assets/Scripts/EnemyBoss.cs using Guid(e7b956b2cdf4c4648a11bf37cbfb1337) Importer(815301076,1909f56bfc062723c751e8b465ee728b)  -> (artifact id: '9c1c0aea16a221f49ebd7fb55f3046f2') in 0.001593 seconds
  Import took 0.002971 seconds .

========================================================================
Received Import Request.
  Time since last request: 1.486939 seconds.
  path: Assets/Scripts/Enemy.cs
  artifactKey: Guid(4412442c5ca95483daf3c9d6652213d3) Importer(815301076,1909f56bfc062723c751e8b465ee728b)
Start importing Assets/Scripts/Enemy.cs using Guid(4412442c5ca95483daf3c9d6652213d3) Importer(815301076,1909f56bfc062723c751e8b465ee728b)  -> (artifact id: '55d9dc9aed6c7632e71ed55c7eed9cd0') in 0.002423 seconds
  Import took 0.014308 seconds .

========================================================================
Received Prepare
Registering precompiled user dll's ...
Registered in 0.000639 seconds.
Begin MonoManager ReloadAssembly
Native extension for WindowsStandalone target not found
Native extension for WebGL target not found
Refreshing native plugins compatible for Editor in 0.15 ms, found 0 plugins.
Preloading 0 native plugins for Editor in 0.00 ms.
Invoked RoslynAnalysisRunner static constructor.
RoslynAnalysisRunner will not be running.
RoslynAnalysisRunner has terminated.
Mono: successfully reloaded assembly
- Completed reload, in  0.634 seconds
Platform modules already initialized, skipping
Refreshing native plugins compatible for Editor in 0.17 ms, found 0 plugins.
Preloading 0 native plugins for Editor in 0.00 ms.
Unloading 1113 Unused Serialized files (Serialized files now loaded: 0)
System memory in use before: 57.4 MB.
System memory in use after: 57.5 MB.

Unloading 5 unused Assets to reduce memory usage. Loaded Objects now: 1569.
Total: 1.713700 ms (FindLiveObjects: 0.105300 ms CreateObjectMapping: 0.049700 ms MarkObjects: 1.503300 ms  DeleteObjects: 0.054500 ms)

========================================================================
Received Import Request.
  Time since last request: 1792.349252 seconds.
  path: Assets/Scripts/Player.cs
  artifactKey: Guid(0542ace064f644a64823d894f41f2602) Importer(815301076,1909f56bfc062723c751e8b465ee728b)
Start importing Assets/Scripts/Player.cs using Guid(0542ace064f644a64823d894f41f2602) Importer(815301076,1909f56bfc062723c751e8b465ee728b)  -> (artifact id: 'e642bde6db400c705820a70c9c63b9a7') in 0.003779 seconds
  Import took 0.005245 seconds .

========================================================================
Received Import Request.
  Time since last request: 0.018883 seconds.
  path: Assets/Scripts/Player.cs
  artifactKey: Guid(0542ace064f644a64823d894f41f2602) Importer(815301076,1909f56bfc062723c751e8b465ee728b)
Start importing Assets/Scripts/Player.cs using Guid(0542ace064f644a64823d894f41f2602) Importer(815301076,1909f56bfc062723c751e8b465ee728b)  -> (artifact id: 'e642bde6db400c705820a70c9c63b9a7') in 0.001850 seconds
  Import took 0.003208 seconds .

========================================================================
Received Import Request.
  Time since last request: 290.125030 seconds.
  path: Assets/Scripts
  artifactKey: Guid(f1f5966b383ef48e0919b812e5cff37a) Importer(815301076,1909f56bfc062723c751e8b465ee728b)
Start importing Assets/Scripts using Guid(f1f5966b383ef48e0919b812e5cff37a) Importer(815301076,1909f56bfc062723c751e8b465ee728b)  -> (artifact id: '481df219adf13eb2cd57b1939b586be8') in 0.002439 seconds
  Import took 0.005265 seconds .

========================================================================
Received Import Request.
  Time since last request: 9.937800 seconds.
  path: Assets/Scripts/Healer.cs
  artifactKey: Guid(87ad21d8393060e4aa25ccc73230bf28) Importer(815301076,1909f56bfc062723c751e8b465ee728b)
Start importing Assets/Scripts/Healer.cs using Guid(87ad21d8393060e4aa25ccc73230bf28) Importer(815301076,1909f56bfc062723c751e8b465ee728b)  -> (artifact id: '97dd1cdd8ba22ab2241da7341054b658') in 0.002144 seconds
  Import took 0.015315 seconds .

========================================================================
Received Import Request.
  Time since last request: 0.000316 seconds.
  path: Assets/Scripts/Healer.cs
  artifactKey: Guid(87ad21d8393060e4aa25ccc73230bf28) Importer(815301076,1909f56bfc062723c751e8b465ee728b)
Start importing Assets/Scripts/Healer.cs using Guid(87ad21d8393060e4aa25ccc73230bf28) Importer(815301076,1909f56bfc062723c751e8b465ee728b)  -> (artifact id: '97dd1cdd8ba22ab2241da7341054b658') in 0.001612 seconds
  Import took 0.003084 seconds .

========================================================================
Received Prepare
Registering precompiled user dll's ...
Registered in 0.000502 seconds.
Begin MonoManager ReloadAssembly
Native extension for WindowsStandalone target not found
Native extension for WebGL target not found
Refreshing native plugins compatible for Editor in 0.23 ms, found 0 plugins.
Preloading 0 native plugins for Editor in 0.00 ms.
Invoked RoslynAnalysisRunner static constructor.
RoslynAnalysisRunner will not be running.
RoslynAnalysisRunner has terminated.
Mono: successfully reloaded assembly
- Completed reload, in  0.584 seconds
Platform modules already initialized, skipping
Refreshing native plugins compatible for Editor in 0.13 ms, found 0 plugins.
Preloading 0 native plugins for Editor in 0.00 ms.
Unloading 1114 Unused Serialized files (Serialized files now loaded: 0)
System memory in use before: 57.4 MB.
System memory in use after: 57.5 MB.

Unloading 5 unused Assets to reduce memory usage. Loaded Objects now: 1573.
Total: 1.652300 ms (FindLiveObjects: 0.171100 ms CreateObjectMapping: 0.056500 ms MarkObjects: 1.382800 ms  DeleteObjects: 0.041100 ms)

========================================================================
Received Prepare
Registering precompiled user dll's ...
Registered in 0.000490 seconds.
Begin MonoManager ReloadAssembly
Native extension for WindowsStandalone target not found
Native extension for WebGL target not found
Refreshing native plugins compatible for Editor in 0.23 ms, found 0 plugins.
Preloading 0 native plugins for Editor in 0.00 ms.
Invoked RoslynAnalysisRunner static constructor.
RoslynAnalysisRunner will not be running.
RoslynAnalysisRunner has terminated.
Mono: successfully reloaded assembly
- Completed reload, in  0.542 seconds
Platform modules already initialized, skipping
Refreshing native plugins compatible for Editor in 0.14 ms, found 0 plugins.
Preloading 0 native plugins for Editor in 0.00 ms.
Unloading 1114 Unused Serialized files (Serialized files now loaded: 0)
System memory in use before: 57.4 MB.
System memory in use after: 57.5 MB.

Unloading 5 unused Assets to reduce memory usage. Loaded Objects now: 1576.
Total: 1.478000 ms (FindLiveObjects: 0.177300 ms CreateObjectMapping: 0.027200 ms MarkObjects: 1.210400 ms  DeleteObjects: 0.061700 ms)

========================================================================
Received Import Request.
  Time since last request: 1503.410173 seconds.
  path: Assets/Scripts/Healer.cs
  artifactKey: Guid(87ad21d8393060e4aa25ccc73230bf28) Importer(815301076,1909f56bfc062723c751e8b465ee728b)
Start importing Assets/Scripts/Healer.cs using Guid(87ad21d8393060e4aa25ccc73230bf28) Importer(815301076,1909f56bfc062723c751e8b465ee728b)  -> (artifact id: 'f8ecbbf5b32ee9a6e5733b3e35c3eade') in 0.004642 seconds
  Import took 0.006964 seconds .

========================================================================
Received Prepare
Registering precompiled user dll's ...
Registered in 0.000527 seconds.
Begin MonoManager ReloadAssembly
Native extension for WindowsStandalone target not found
Native extension for WebGL target not found
Refreshing native plugins compatible for Editor in 0.13 ms, found 0 plugins.
Preloading 0 native plugins for Editor in 0.00 ms.
Invoked RoslynAnalysisRunner static constructor.
RoslynAnalysisRunner will not be running.
RoslynAnalysisRunner has terminated.
Mono: successfully reloaded assembly
- Completed reload, in  0.546 seconds
Platform modules already initialized, skipping
Refreshing native plugins compatible for Editor in 0.18 ms, found 0 plugins.
Preloading 0 native plugins for Editor in 0.00 ms.
Unloading 1114 Unused Serialized files (Serialized files now loaded: 0)
System memory in use before: 57.4 MB.
System memory in use after: 57.5 MB.

Unloading 5 unused Assets to reduce memory usage. Loaded Objects now: 1579.
Total: 2.239800 ms (FindLiveObjects: 0.310800 ms CreateObjectMapping: 0.129500 ms MarkObjects: 1.755000 ms  DeleteObjects: 0.042500 ms)

========================================================================
Received Prepare
Registering precompiled user dll's ...
Registered in 0.000571 seconds.
Begin MonoManager ReloadAssembly
Native extension for WindowsStandalone target not found
Native extension for WebGL target not found
Refreshing native plugins compatible for Editor in 0.15 ms, found 0 plugins.
Preloading 0 native plugins for Editor in 0.00 ms.
Invoked RoslynAnalysisRunner static constructor.
RoslynAnalysisRunner will not be running.
RoslynAnalysisRunner has terminated.
Mono: successfully reloaded assembly
- Completed reload, in  0.554 seconds
Platform modules already initialized, skipping
Refreshing native plugins compatible for Editor in 0.13 ms, found 0 plugins.
Preloading 0 native plugins for Editor in 0.00 ms.
Unloading 1114 Unused Serialized files (Serialized files now loaded: 0)
System memory in use before: 57.5 MB.
System memory in use after: 57.5 MB.

Unloading 5 unused Assets to reduce memory usage. Loaded Objects now: 1582.
Total: 1.676500 ms (FindLiveObjects: 0.104700 ms CreateObjectMapping: 0.033800 ms MarkObjects: 1.467900 ms  DeleteObjects: 0.068700 ms)

========================================================================
Received Prepare
Registering precompiled user dll's ...
Registered in 0.000776 seconds.
Begin MonoManager ReloadAssembly
Native extension for WindowsStandalone target not found
Native extension for WebGL target not found
Refreshing native plugins compatible for Editor in 0.13 ms, found 0 plugins.
Preloading 0 native plugins for Editor in 0.00 ms.
Invoked RoslynAnalysisRunner static constructor.
RoslynAnalysisRunner will not be running.
RoslynAnalysisRunner has terminated.
Mono: successfully reloaded assembly
- Completed reload, in  0.544 seconds
Platform modules already initialized, skipping
Refreshing native plugins compatible for Editor in 0.17 ms, found 0 plugins.
Preloading 0 native plugins for Editor in 0.00 ms.
Unloading 1114 Unused Serialized files (Serialized files now loaded: 0)
System memory in use before: 57.5 MB.
System memory in use after: 57.5 MB.

Unloading 5 unused Assets to reduce memory usage. Loaded Objects now: 1585.
Total: 1.577600 ms (FindLiveObjects: 0.224400 ms CreateObjectMapping: 0.038100 ms MarkObjects: 1.274300 ms  DeleteObjects: 0.039900 ms)

========================================================================
Received Prepare
Registering precompiled user dll's ...
Registered in 0.000569 seconds.
Begin MonoManager ReloadAssembly
Native extension for WindowsStandalone target not found
Native extension for WebGL target not found
Refreshing native plugins compatible for Editor in 0.22 ms, found 0 plugins.
Preloading 0 native plugins for Editor in 0.00 ms.
Invoked RoslynAnalysisRunner static constructor.
RoslynAnalysisRunner will not be running.
RoslynAnalysisRunner has terminated.
Mono: successfully reloaded assembly
- Completed reload, in  0.522 seconds
Platform modules already initialized, skipping
Refreshing native plugins compatible for Editor in 0.20 ms, found 0 plugins.
Preloading 0 native plugins for Editor in 0.00 ms.
Unloading 1114 Unused Serialized files (Serialized files now loaded: 0)
System memory in use before: 57.5 MB.
System memory in use after: 57.5 MB.

Unloading 5 unused Assets to reduce memory usage. Loaded Objects now: 1588.
Total: 1.786600 ms (FindLiveObjects: 0.163800 ms CreateObjectMapping: 0.041500 ms MarkObjects: 1.505500 ms  DeleteObjects: 0.074800 ms)

AssetImportWorkerClient::OnTransportError - code=2 error=End of file
